<?xml version="1.0" encoding="UTF-8"?>
<testng-results skipped="0" failed="0" total="1" passed="1">
  <reporter-output>
  </reporter-output>
  <suite name="Default suite" duration-ms="8955" started-at="2018-03-24T18:05:00Z" finished-at="2018-03-24T18:05:09Z">
    <groups>
    </groups>
    <test name="Default test" duration-ms="8955" started-at="2018-03-24T18:05:00Z" finished-at="2018-03-24T18:05:09Z">
      <class name="SeleniumDriverCheck">
        <test-method status="PASS" signature="driverCheck()[pri:0, instance:SeleniumDriverCheck@3c09711b]" name="driverCheck" duration-ms="8922" started-at="2018-03-24T23:35:00Z" finished-at="2018-03-24T23:35:09Z">
          <reporter-output>
          </reporter-output>
        </test-method> <!-- driverCheck -->
      </class> <!-- SeleniumDriverCheck -->
    </test> <!-- Default test -->
  </suite> <!-- Default suite -->
</testng-results>
